{"type":"server-started","port":63917,"host":"127.0.0.1","url_host":"localhost","url":"http://localhost:63917","screen_dir":"/Users/varunmalani/Desktop/VM Portfolio/.superpowers/brainstorm/12503-1774113141"}
{"type":"screen-added","file":"/Users/varunmalani/Desktop/VM Portfolio/.superpowers/brainstorm/12503-1774113141/q1-purpose.html"}
{"type":"screen-added","file":"/Users/varunmalani/Desktop/VM Portfolio/.superpowers/brainstorm/12503-1774113141/waiting-1.html"}
{"type":"screen-added","file":"/Users/varunmalani/Desktop/VM Portfolio/.superpowers/brainstorm/12503-1774113141/q4-project-depth.html"}
{"source":"user-event","type":"click","text":"A\n    \n      Expand in place\n      Cards stay compact. Clicking \"See how I approached this\" expands the card inline to reveal the full thinking — problem, decisions, outcome, numbers. No separate pages.","choice":"a","id":null,"timestamp":1774113942597}
{"source":"user-event","type":"click","text":"A\n    \n      Expand in place\n      Cards stay compact. Clicking \"See how I approached this\" expands the card inline to reveal the full thinking — problem, decisions, outcome, numbers. No separate pages.","choice":"a","id":null,"timestamp":1774113957008}
{"type":"screen-added","file":"/Users/varunmalani/Desktop/VM Portfolio/.superpowers/brainstorm/12503-1774113141/q5-visual-personality.html"}
{"source":"user-event","type":"click","text":"A\n    \n      Refined and credible — keep the current aesthetic\n      Clean cards, warm palette, good typography. Uniqueness comes entirely from the content — richer projects, sharper writing, real numbers. The design stays out of the way.","choice":"a","id":null,"timestamp":1774114262734}
{"source":"user-event","type":"click","text":"B\n    \n      Distinctive but professional — a stronger visual identity\n      Still clean and credible, but with a more specific personality. Think: a strong typographic hierarchy, a bolder use of colour, a structural element that's unmistakably yours — without going \"creative portfolio\".","choice":"b","id":null,"timestamp":1774114278180}
{"source":"user-event","type":"click","text":"B\n    \n      Distinctive but professional — a stronger visual identity\n      Still clean and credible, but with a more specific personality. Think: a strong typographic hierarchy, a bolder use of colour, a structural element that's unmistakably yours — without going \"creative portfolio\".","choice":"b","id":null,"timestamp":1774114279021}
{"source":"user-event","type":"click","text":"B\n    \n      Distinctive but professional — a stronger visual identity\n      Still clean and credible, but with a more specific personality. Think: a strong typographic hierarchy, a bolder use of colour, a structural element that's unmistakably yours — without going \"creative portfolio\".","choice":"b","id":null,"timestamp":1774114279255}
{"source":"user-event","type":"click","text":"B\n    \n      Distinctive but professional — a stronger visual identity\n      Still clean and credible, but with a more specific personality. Think: a strong typographic hierarchy, a bolder use of colour, a structural element that's unmistakably yours — without going \"creative portfolio\".","choice":"b","id":null,"timestamp":1774114279471}
{"source":"user-event","type":"click","text":"B\n    \n      Distinctive but professional — a stronger visual identity\n      Still clean and credible, but with a more specific personality. Think: a strong typographic hierarchy, a bolder use of colour, a structural element that's unmistakably yours — without going \"creative portfolio\".","choice":"b","id":null,"timestamp":1774114280063}
{"source":"user-event","type":"click","text":"B\n    \n      Distinctive but professional — a stronger visual identity\n      Still clean and credible, but with a more specific personality. Think: a strong typographic hierarchy, a bolder use of colour, a structural element that's unmistakably yours — without going \"creative portfolio\".","choice":"b","id":null,"timestamp":1774114280529}
{"source":"user-event","type":"click","text":"B\n    \n      Distinctive but professional — a stronger visual identity\n      Still clean and credible, but with a more specific personality. Think: a strong typographic hierarchy, a bolder use of colour, a structural element that's unmistakably yours — without going \"creative portfolio\".","choice":"b","id":null,"timestamp":1774114280713}
{"source":"user-event","type":"click","text":"B\n    \n      Distinctive but professional — a stronger visual identity\n      Still clean and credible, but with a more specific personality. Think: a strong typographic hierarchy, a bolder use of colour, a structural element that's unmistakably yours — without going \"creative portfolio\".","choice":"b","id":null,"timestamp":1774114281213}
{"source":"user-event","type":"click","text":"B\n    \n      Distinctive but professional — a stronger visual identity\n      Still clean and credible, but with a more specific personality. Think: a strong typographic hierarchy, a bolder use of colour, a structural element that's unmistakably yours — without going \"creative portfolio\".","choice":"b","id":null,"timestamp":1774114281405}
{"type":"screen-added","file":"/Users/varunmalani/Desktop/VM Portfolio/.superpowers/brainstorm/12503-1774113141/approaches.html"}
{"source":"user-event","type":"click","text":"B\n    \n      The Framework — Structure as identity ⭐ Recommended\n      Warm palette stays, but the site is architecturally built around Problem → Approach → Outcome. The hero section opens with a bold statement about how you work — not just who you are. Projects expand inline. A \"How I think\" section shows 3 sharp product principles. The structure IS the proof of out-of-the-box thinking.\n      \n        Warm palette\n        P→A→O throughout\n        Principles section\n        Bolder typography","choice":"b","id":null,"timestamp":1774114472692}
{"source":"user-event","type":"click","text":"B\n    \n      The Framework — Structure as identity ⭐ Recommended\n      Warm palette stays, but the site is architecturally built around Problem → Approach → Outcome. The hero section opens with a bold statement about how you work — not just who you are. Projects expand inline. A \"How I think\" section shows 3 sharp product principles. The structure IS the proof of out-of-the-box thinking.\n      \n        Warm palette\n        P→A→O throughout\n        Principles section\n        Bolder typography","choice":"b","id":null,"timestamp":1774114478583}
{"type":"screen-added","file":"/Users/varunmalani/Desktop/VM Portfolio/.superpowers/brainstorm/12503-1774113141/design-1-structure.html"}
{"type":"screen-added","file":"/Users/varunmalani/Desktop/VM Portfolio/.superpowers/brainstorm/12503-1774113141/waiting-2.html"}
{"type":"server-stopped","reason":"idle timeout"}
